[ 2016-02-27T17:05:41+08:00 ] ::1 /thinkmn/Common/Verify/getCode.html
INFO: [ app_init ] --START--
INFO: Run Behavior\BuildLiteBehavior [ RunTime:0.000012s ]
INFO: [ app_init ] --END-- [ RunTime:0.000517s ]
ERR: 无法加载模块:Common

[ 2016-02-27T17:05:49+08:00 ] ::1 /thinkmn/Common/Verify/getCode.html
INFO: [ app_init ] --START--
INFO: Run Behavior\BuildLiteBehavior [ RunTime:0.000012s ]
INFO: [ app_init ] --END-- [ RunTime:0.000396s ]
ERR: 无法加载模块:Common

[ 2016-02-27T17:05:49+08:00 ] ::1 /thinkmn/Common/Verify/getCode.html
INFO: [ app_init ] --START--
INFO: Run Behavior\BuildLiteBehavior [ RunTime:0.000016s ]
INFO: [ app_init ] --END-- [ RunTime:0.000455s ]
ERR: 无法加载模块:Common

[ 2016-02-27T17:05:49+08:00 ] ::1 /thinkmn/Common/Verify/getCode.html
INFO: [ app_init ] --START--
INFO: Run Behavior\BuildLiteBehavior [ RunTime:0.000013s ]
INFO: [ app_init ] --END-- [ RunTime:0.000356s ]
ERR: 无法加载模块:Common

[ 2016-02-27T17:05:51+08:00 ] ::1 /thinkmn/Common/Verify/getCode.html
INFO: [ app_init ] --START--
INFO: Run Behavior\BuildLiteBehavior [ RunTime:0.000011s ]
INFO: [ app_init ] --END-- [ RunTime:0.000336s ]
ERR: 无法加载模块:Common

[ 2016-02-27T17:06:14+08:00 ] ::1 /thinkmn/Common/Verify/getCode.html
INFO: [ app_init ] --START--
INFO: Run Behavior\BuildLiteBehavior [ RunTime:0.000016s ]
INFO: [ app_init ] --END-- [ RunTime:0.053602s ]
ERR: 无法加载模块:Common

[ 2016-02-27T17:06:15+08:00 ] ::1 /thinkmn/Common/Verify/getCode.html
INFO: [ app_init ] --START--
INFO: Run Behavior\BuildLiteBehavior [ RunTime:0.000013s ]
INFO: [ app_init ] --END-- [ RunTime:0.000381s ]
ERR: 无法加载模块:Common

[ 2016-02-27T17:07:02+08:00 ] ::1 /thinkmn/Common/Verify/getCode.html
INFO: [ app_init ] --START--
INFO: Run Behavior\BuildLiteBehavior [ RunTime:0.000013s ]
INFO: [ app_init ] --END-- [ RunTime:0.000372s ]
ERR: 无法加载模块:Common

[ 2016-02-27T17:07:06+08:00 ] ::1 /thinkmn/Common/Verify/getCode.html
INFO: [ app_init ] --START--
INFO: Run Behavior\BuildLiteBehavior [ RunTime:0.000013s ]
INFO: [ app_init ] --END-- [ RunTime:0.000413s ]
ERR: 无法加载模块:Common

[ 2016-02-27T17:08:10+08:00 ] ::1 /thinkmn/Common/Verify/getCode.html
INFO: [ app_init ] --START--
INFO: Run Behavior\BuildLiteBehavior [ RunTime:0.000010s ]
INFO: [ app_init ] --END-- [ RunTime:0.000692s ]
ERR: 无法加载模块:Common

