[ 2016-03-05T09:33:56+08:00 ] ::1 /thinkmn/Admin/Login/index.html
INFO: [ app_init ] --START--
INFO: Run Behavior\BuildLiteBehavior [ RunTime:0.000017s ]
INFO: [ app_init ] --END-- [ RunTime:0.013635s ]
INFO: [ app_begin ] --START--
INFO: Run Behavior\ReadHtmlCacheBehavior [ RunTime:0.011084s ]
INFO: [ app_begin ] --END-- [ RunTime:0.011147s ]
INFO: [ view_parse ] --START--
INFO: [ template_filter ] --START--
INFO: Run Behavior\ContentReplaceBehavior [ RunTime:0.006533s ]
INFO: [ template_filter ] --END-- [ RunTime:0.006596s ]
INFO: Run Behavior\ParseTemplateBehavior [ RunTime:0.053448s ]
INFO: [ view_parse ] --END-- [ RunTime:0.053508s ]
INFO: [ view_filter ] --START--
INFO: Run Behavior\WriteHtmlCacheBehavior [ RunTime:0.006726s ]
INFO: Run Behavior\TokenBuildBehavior [ RunTime:0.001033s ]
INFO: [ view_filter ] --END-- [ RunTime:0.007828s ]
INFO: [ app_end ] --START--
INFO: Run Behavior\ShowPageTraceBehavior [ RunTime:0.010282s ]
INFO: [ app_end ] --END-- [ RunTime:0.010383s ]

[ 2016-03-05T09:33:56+08:00 ] ::1 /thinkmn/Admin/Verify/getCode.html
INFO: [ app_init ] --START--
INFO: Run Behavior\BuildLiteBehavior [ RunTime:0.000011s ]
INFO: [ app_init ] --END-- [ RunTime:0.000339s ]
INFO: [ app_begin ] --START--
INFO: Run Behavior\ReadHtmlCacheBehavior [ RunTime:0.000426s ]
INFO: [ app_begin ] --END-- [ RunTime:0.000487s ]
INFO: [ app_end ] --START--
INFO: Run Behavior\ShowPageTraceBehavior [ RunTime:0.000603s ]
INFO: [ app_end ] --END-- [ RunTime:0.000663s ]

[ 2016-03-05T09:34:01+08:00 ] ::1 /thinkmn/Admin/Login/index.html
INFO: [ app_init ] --START--
INFO: Run Behavior\BuildLiteBehavior [ RunTime:0.000011s ]
INFO: [ app_init ] --END-- [ RunTime:0.000324s ]
INFO: [ app_begin ] --START--
INFO: Run Behavior\ReadHtmlCacheBehavior [ RunTime:0.000387s ]
INFO: [ app_begin ] --END-- [ RunTime:0.000423s ]
ERR: SQLSTATE[HY000] [2002] ”…”⁄ƒø±Íº∆À„ª˙ª˝º´æ‹æ¯£¨Œﬁ∑®¡¨Ω”°£


[ 2016-03-05T09:34:01+08:00 ] ::1 /thinkmn/Admin/Login/index.html
INFO: [ app_init ] --START--
INFO: Run Behavior\BuildLiteBehavior [ RunTime:0.000011s ]
INFO: [ app_init ] --END-- [ RunTime:0.000364s ]
INFO: [ app_begin ] --START--
INFO: Run Behavior\ReadHtmlCacheBehavior [ RunTime:0.000503s ]
INFO: [ app_begin ] --END-- [ RunTime:0.000540s ]

[ 2016-03-05T09:34:01+08:00 ] ::1 /thinkmn/Admin/Verify/getCode.html?0.5606466887984425
INFO: [ app_init ] --START--
INFO: Run Behavior\BuildLiteBehavior [ RunTime:0.000013s ]
INFO: [ app_init ] --END-- [ RunTime:0.000329s ]
INFO: [ app_begin ] --START--
INFO: Run Behavior\ReadHtmlCacheBehavior [ RunTime:0.000378s ]
INFO: [ app_begin ] --END-- [ RunTime:0.000417s ]
INFO: [ app_end ] --START--
INFO: Run Behavior\ShowPageTraceBehavior [ RunTime:0.000619s ]
INFO: [ app_end ] --END-- [ RunTime:0.000672s ]

[ 2016-03-05T09:34:01+08:00 ] ::1 /thinkmn/Admin/Verify/getCode.html?0.38065214874222875
INFO: [ app_init ] --START--
INFO: Run Behavior\BuildLiteBehavior [ RunTime:0.000013s ]
INFO: [ app_init ] --END-- [ RunTime:0.000382s ]
INFO: [ app_begin ] --START--
INFO: Run Behavior\ReadHtmlCacheBehavior [ RunTime:0.000386s ]
INFO: [ app_begin ] --END-- [ RunTime:0.000428s ]
INFO: [ app_end ] --START--
INFO: Run Behavior\ShowPageTraceBehavior [ RunTime:0.000496s ]
INFO: [ app_end ] --END-- [ RunTime:0.000553s ]

[ 2016-03-05T09:34:08+08:00 ] ::1 /thinkmn/Admin/Login/index.html
INFO: [ app_init ] --START--
INFO: Run Behavior\BuildLiteBehavior [ RunTime:0.000011s ]
INFO: [ app_init ] --END-- [ RunTime:0.000308s ]
INFO: [ app_begin ] --START--
INFO: Run Behavior\ReadHtmlCacheBehavior [ RunTime:0.000372s ]
INFO: [ app_begin ] --END-- [ RunTime:0.000409s ]
ERR: SQLSTATE[HY000] [2002] ”…”⁄ƒø±Íº∆À„ª˙ª˝º´æ‹æ¯£¨Œﬁ∑®¡¨Ω”°£


[ 2016-03-05T09:34:08+08:00 ] ::1 /thinkmn/Admin/Verify/getCode.html?0.19715039827860892
INFO: [ app_init ] --START--
INFO: Run Behavior\BuildLiteBehavior [ RunTime:0.000013s ]
INFO: [ app_init ] --END-- [ RunTime:0.000540s ]
INFO: [ app_begin ] --START--
INFO: Run Behavior\ReadHtmlCacheBehavior [ RunTime:0.000463s ]
INFO: [ app_begin ] --END-- [ RunTime:0.000514s ]
INFO: [ app_end ] --START--
INFO: Run Behavior\ShowPageTraceBehavior [ RunTime:0.000471s ]
INFO: [ app_end ] --END-- [ RunTime:0.000522s ]

[ 2016-03-05T09:34:56+08:00 ] ::1 /thinkmn/Admin/Login/index.html
INFO: [ app_init ] --START--
INFO: Run Behavior\BuildLiteBehavior [ RunTime:0.000015s ]
INFO: [ app_init ] --END-- [ RunTime:0.000658s ]
INFO: [ app_begin ] --START--
INFO: Run Behavior\ReadHtmlCacheBehavior [ RunTime:0.001507s ]
INFO: [ app_begin ] --END-- [ RunTime:0.001569s ]
INFO: [ view_parse ] --START--
INFO: [ template_filter ] --START--
INFO: Run Behavior\ContentReplaceBehavior [ RunTime:0.000041s ]
INFO: [ template_filter ] --END-- [ RunTime:0.000088s ]
INFO: Run Behavior\ParseTemplateBehavior [ RunTime:0.005744s ]
INFO: [ view_parse ] --END-- [ RunTime:0.005790s ]
INFO: [ view_filter ] --START--
INFO: Run Behavior\WriteHtmlCacheBehavior [ RunTime:0.000316s ]
INFO: Run Behavior\TokenBuildBehavior [ RunTime:0.000458s ]
INFO: [ view_filter ] --END-- [ RunTime:0.000827s ]
INFO: [ app_end ] --START--
INFO: Run Behavior\ShowPageTraceBehavior [ RunTime:0.000392s ]
INFO: [ app_end ] --END-- [ RunTime:0.000426s ]

[ 2016-03-05T09:34:56+08:00 ] ::1 /thinkmn/Admin/Verify/getCode.html
INFO: [ app_init ] --START--
INFO: Run Behavior\BuildLiteBehavior [ RunTime:0.000012s ]
INFO: [ app_init ] --END-- [ RunTime:0.000362s ]
INFO: [ app_begin ] --START--
INFO: Run Behavior\ReadHtmlCacheBehavior [ RunTime:0.000484s ]
INFO: [ app_begin ] --END-- [ RunTime:0.000533s ]
INFO: [ app_end ] --START--
INFO: Run Behavior\ShowPageTraceBehavior [ RunTime:0.000801s ]
INFO: [ app_end ] --END-- [ RunTime:0.000877s ]

[ 2016-03-05T09:34:59+08:00 ] ::1 /thinkmn/Admin/Verify/getCode.html?0.3069672246929258
INFO: [ app_init ] --START--
INFO: Run Behavior\BuildLiteBehavior [ RunTime:0.000032s ]
INFO: [ app_init ] --END-- [ RunTime:0.000329s ]
INFO: [ app_begin ] --START--
INFO: Run Behavior\ReadHtmlCacheBehavior [ RunTime:0.000408s ]
INFO: [ app_begin ] --END-- [ RunTime:0.000455s ]
INFO: [ app_end ] --START--
INFO: Run Behavior\ShowPageTraceBehavior [ RunTime:0.000458s ]
INFO: [ app_end ] --END-- [ RunTime:0.000509s ]

[ 2016-03-05T09:35:03+08:00 ] ::1 /thinkmn/Admin/Login/index.html
INFO: [ app_init ] --START--
INFO: Run Behavior\BuildLiteBehavior [ RunTime:0.000010s ]
INFO: [ app_init ] --END-- [ RunTime:0.000377s ]
INFO: [ app_begin ] --START--
INFO: Run Behavior\ReadHtmlCacheBehavior [ RunTime:0.000423s ]
INFO: [ app_begin ] --END-- [ RunTime:0.000459s ]
SQL: SHOW COLUMNS FROM `cms_member` [ RunTime:0.1131s ]
SQL: SELECT `uid`,`username`,`nickname`,`sex`,`birthday`,`email`,`qq`,`mobile`,`score`,`gold`,`status`,`face`,`user_type`,`reg_ip`,`reg_time`,`last_login_ip`,`last_login_time` FROM `cms_member` WHERE `username` = 'admin' AND `password` = '21232f297a57a5a743894a0e4a801fc3' LIMIT 1   [ RunTime:0.0249s ]
SQL: UPDATE `cms_member` SET `username`='admin',`nickname`='Ë∂ÖÁ∫ßÁÆ°ÁêÜÂëò',`sex`='0',`birthday`='812563200',`email`='624508914@qq.com',`qq`='624508914',`mobile`='18179612275',`score`='0',`gold`='0',`status`='1',`face`=NULL,`user_type`='1',`reg_ip`='0',`reg_time`='0',`last_login_ip`='0',`last_login_time`='1457141703' WHERE `uid` = 1 [ RunTime:0.0209s ]

[ 2016-03-05T09:35:03+08:00 ] ::1 /thinkmn/Admin/Index/index.html
INFO: [ app_init ] --START--
INFO: Run Behavior\BuildLiteBehavior [ RunTime:0.000016s ]
INFO: [ app_init ] --END-- [ RunTime:0.000378s ]
INFO: [ app_begin ] --START--
INFO: Run Behavior\ReadHtmlCacheBehavior [ RunTime:0.000570s ]
INFO: [ app_begin ] --END-- [ RunTime:0.000627s ]
SQL: SHOW COLUMNS FROM `cms_member` [ RunTime:0.0034s ]
SQL: SHOW COLUMNS FROM `cms_auth_group_access` [ RunTime:0.0429s ]
SQL: SELECT `uid`,`group_id`,`title`,`rules` FROM cms_auth_group_access a INNER JOIN cms_auth_group g on a.group_id=g.id  WHERE ( a.uid='1' and g.status='1' )  [ RunTime:0.0352s ]
SQL: SELECT `uid`,`username`,`nickname`,`sex`,`birthday`,`email`,`qq`,`mobile`,`score`,`gold`,`status`,`face`,`user_type`,`reg_ip`,`reg_time`,`last_login_ip`,`last_login_time` FROM `cms_member` WHERE `uid` = 1 LIMIT 1   [ RunTime:0.0003s ]
SQL: SELECT `uid`,`username`,`nickname`,`sex`,`birthday`,`email`,`qq`,`mobile`,`score`,`gold`,`status`,`face`,`user_type`,`reg_ip`,`reg_time`,`last_login_ip`,`last_login_time` FROM `cms_member` WHERE `uid` = 1 LIMIT 1   [ RunTime:0.0002s ]
SQL: SHOW COLUMNS FROM `cms_auth_rule` [ RunTime:0.0326s ]
SQL: SELECT * FROM `cms_auth_rule` WHERE `pid` = 0 ORDER BY sort asc  [ RunTime:0.0289s ]
INFO: [ view_parse ] --START--
INFO: [ template_filter ] --START--
INFO: Run Behavior\ContentReplaceBehavior [ RunTime:0.000046s ]
INFO: [ template_filter ] --END-- [ RunTime:0.000088s ]
INFO: Run Behavior\ParseTemplateBehavior [ RunTime:0.061255s ]
INFO: [ view_parse ] --END-- [ RunTime:0.061311s ]
INFO: [ view_filter ] --START--
INFO: Run Behavior\WriteHtmlCacheBehavior [ RunTime:0.000370s ]
INFO: Run Behavior\TokenBuildBehavior [ RunTime:0.000429s ]
INFO: [ view_filter ] --END-- [ RunTime:0.000852s ]
INFO: [ app_end ] --START--
INFO: Run Behavior\ShowPageTraceBehavior [ RunTime:0.000460s ]
INFO: [ app_end ] --END-- [ RunTime:0.000494s ]

[ 2016-03-05T09:35:03+08:00 ] ::1 /thinkmn/Admin/Index/getSonMenu.html
INFO: [ app_init ] --START--
INFO: Run Behavior\BuildLiteBehavior [ RunTime:0.000014s ]
INFO: [ app_init ] --END-- [ RunTime:0.000421s ]
INFO: [ app_begin ] --START--
INFO: Run Behavior\ReadHtmlCacheBehavior [ RunTime:0.000467s ]
INFO: [ app_begin ] --END-- [ RunTime:0.000516s ]
SQL: SHOW COLUMNS FROM `cms_member` [ RunTime:0.0038s ]
SQL: SHOW COLUMNS FROM `cms_auth_group_access` [ RunTime:0.0032s ]
SQL: SELECT `uid`,`group_id`,`title`,`rules` FROM cms_auth_group_access a INNER JOIN cms_auth_group g on a.group_id=g.id  WHERE ( a.uid='1' and g.status='1' )  [ RunTime:0.0002s ]
SQL: SELECT `uid`,`username`,`nickname`,`sex`,`birthday`,`email`,`qq`,`mobile`,`score`,`gold`,`status`,`face`,`user_type`,`reg_ip`,`reg_time`,`last_login_ip`,`last_login_time` FROM `cms_member` WHERE `uid` = 1 LIMIT 1   [ RunTime:0.0002s ]
SQL: SHOW COLUMNS FROM `cms_auth_rule` [ RunTime:0.0037s ]
SQL: SELECT *,title as text FROM `cms_auth_rule` WHERE `pid` = 1 ORDER BY sort asc  [ RunTime:0.0005s ]
SQL: SELECT * FROM `cms_auth_rule` WHERE `id` = 1 LIMIT 1   [ RunTime:0.0003s ]

[ 2016-03-05T09:35:09+08:00 ] ::1 /thinkmn/Admin/Index/getSonMenu.html
INFO: [ app_init ] --START--
INFO: Run Behavior\BuildLiteBehavior [ RunTime:0.000011s ]
INFO: [ app_init ] --END-- [ RunTime:0.000308s ]
INFO: [ app_begin ] --START--
INFO: Run Behavior\ReadHtmlCacheBehavior [ RunTime:0.000366s ]
INFO: [ app_begin ] --END-- [ RunTime:0.000402s ]
SQL: SHOW COLUMNS FROM `cms_member` [ RunTime:0.0054s ]
SQL: SHOW COLUMNS FROM `cms_auth_group_access` [ RunTime:0.0029s ]
SQL: SELECT `uid`,`group_id`,`title`,`rules` FROM cms_auth_group_access a INNER JOIN cms_auth_group g on a.group_id=g.id  WHERE ( a.uid='1' and g.status='1' )  [ RunTime:0.0001s ]
SQL: SELECT `uid`,`username`,`nickname`,`sex`,`birthday`,`email`,`qq`,`mobile`,`score`,`gold`,`status`,`face`,`user_type`,`reg_ip`,`reg_time`,`last_login_ip`,`last_login_time` FROM `cms_member` WHERE `uid` = 1 LIMIT 1   [ RunTime:0.0001s ]
SQL: SHOW COLUMNS FROM `cms_auth_rule` [ RunTime:0.0037s ]
SQL: SELECT *,title as text FROM `cms_auth_rule` WHERE `pid` = 2 ORDER BY sort asc  [ RunTime:0.0004s ]
SQL: SELECT * FROM `cms_auth_rule` WHERE `id` = 2 LIMIT 1   [ RunTime:0.0002s ]
SQL: SELECT * FROM `cms_auth_rule` WHERE `id` = 2 LIMIT 1   [ RunTime:0.0001s ]
SQL: SELECT * FROM `cms_auth_rule` WHERE `id` = 2 LIMIT 1   [ RunTime:0.0001s ]
SQL: SELECT * FROM `cms_auth_rule` WHERE `id` = 2 LIMIT 1   [ RunTime:0.0001s ]

[ 2016-03-05T09:35:10+08:00 ] ::1 /thinkmn/Admin/Index/getSonMenu.html
INFO: [ app_init ] --START--
INFO: Run Behavior\BuildLiteBehavior [ RunTime:0.000011s ]
INFO: [ app_init ] --END-- [ RunTime:0.000413s ]
INFO: [ app_begin ] --START--
INFO: Run Behavior\ReadHtmlCacheBehavior [ RunTime:0.000445s ]
INFO: [ app_begin ] --END-- [ RunTime:0.000481s ]
SQL: SHOW COLUMNS FROM `cms_member` [ RunTime:0.0039s ]
SQL: SHOW COLUMNS FROM `cms_auth_group_access` [ RunTime:0.0028s ]
SQL: SELECT `uid`,`group_id`,`title`,`rules` FROM cms_auth_group_access a INNER JOIN cms_auth_group g on a.group_id=g.id  WHERE ( a.uid='1' and g.status='1' )  [ RunTime:0.0001s ]
SQL: SELECT `uid`,`username`,`nickname`,`sex`,`birthday`,`email`,`qq`,`mobile`,`score`,`gold`,`status`,`face`,`user_type`,`reg_ip`,`reg_time`,`last_login_ip`,`last_login_time` FROM `cms_member` WHERE `uid` = 1 LIMIT 1   [ RunTime:0.0002s ]
SQL: SHOW COLUMNS FROM `cms_auth_rule` [ RunTime:0.0042s ]
SQL: SELECT *,title as text FROM `cms_auth_rule` WHERE `pid` = 10 ORDER BY sort asc  [ RunTime:0.0004s ]
SQL: SELECT * FROM `cms_auth_rule` WHERE `id` = 10 LIMIT 1   [ RunTime:0.0002s ]
SQL: SELECT * FROM `cms_auth_rule` WHERE `id` = 10 LIMIT 1   [ RunTime:0.0001s ]
SQL: SELECT * FROM `cms_auth_rule` WHERE `id` = 10 LIMIT 1   [ RunTime:0.0001s ]

[ 2016-03-05T09:35:12+08:00 ] ::1 /thinkmn/Admin/Index/getSonMenu.html
INFO: [ app_init ] --START--
INFO: Run Behavior\BuildLiteBehavior [ RunTime:0.000012s ]
INFO: [ app_init ] --END-- [ RunTime:0.000358s ]
INFO: [ app_begin ] --START--
INFO: Run Behavior\ReadHtmlCacheBehavior [ RunTime:0.000373s ]
INFO: [ app_begin ] --END-- [ RunTime:0.000412s ]
SQL: SHOW COLUMNS FROM `cms_member` [ RunTime:0.0035s ]
SQL: SHOW COLUMNS FROM `cms_auth_group_access` [ RunTime:0.0031s ]
SQL: SELECT `uid`,`group_id`,`title`,`rules` FROM cms_auth_group_access a INNER JOIN cms_auth_group g on a.group_id=g.id  WHERE ( a.uid='1' and g.status='1' )  [ RunTime:0.0001s ]
SQL: SELECT `uid`,`username`,`nickname`,`sex`,`birthday`,`email`,`qq`,`mobile`,`score`,`gold`,`status`,`face`,`user_type`,`reg_ip`,`reg_time`,`last_login_ip`,`last_login_time` FROM `cms_member` WHERE `uid` = 1 LIMIT 1   [ RunTime:0.0001s ]
SQL: SHOW COLUMNS FROM `cms_auth_rule` [ RunTime:0.0036s ]
SQL: SELECT *,title as text FROM `cms_auth_rule` WHERE `pid` = 11 ORDER BY sort asc  [ RunTime:0.0004s ]
SQL: SELECT * FROM `cms_auth_rule` WHERE `id` = 11 LIMIT 1   [ RunTime:0.0002s ]
SQL: SELECT * FROM `cms_auth_rule` WHERE `id` = 11 LIMIT 1   [ RunTime:0.0001s ]
SQL: SELECT * FROM `cms_auth_rule` WHERE `id` = 11 LIMIT 1   [ RunTime:0.0001s ]

[ 2016-03-05T09:35:12+08:00 ] ::1 /thinkmn/Admin/Index/getSonMenu.html
INFO: [ app_init ] --START--
INFO: Run Behavior\BuildLiteBehavior [ RunTime:0.000015s ]
INFO: [ app_init ] --END-- [ RunTime:0.007640s ]
INFO: [ app_begin ] --START--
INFO: Run Behavior\ReadHtmlCacheBehavior [ RunTime:0.000414s ]
INFO: [ app_begin ] --END-- [ RunTime:0.000463s ]
SQL: SHOW COLUMNS FROM `cms_member` [ RunTime:0.0039s ]
SQL: SHOW COLUMNS FROM `cms_auth_group_access` [ RunTime:0.0039s ]
SQL: SELECT `uid`,`group_id`,`title`,`rules` FROM cms_auth_group_access a INNER JOIN cms_auth_group g on a.group_id=g.id  WHERE ( a.uid='1' and g.status='1' )  [ RunTime:0.0001s ]
SQL: SELECT `uid`,`username`,`nickname`,`sex`,`birthday`,`email`,`qq`,`mobile`,`score`,`gold`,`status`,`face`,`user_type`,`reg_ip`,`reg_time`,`last_login_ip`,`last_login_time` FROM `cms_member` WHERE `uid` = 1 LIMIT 1   [ RunTime:0.0002s ]
SQL: SHOW COLUMNS FROM `cms_auth_rule` [ RunTime:0.0037s ]
SQL: SELECT *,title as text FROM `cms_auth_rule` WHERE `pid` = 26 ORDER BY sort asc  [ RunTime:0.0004s ]
SQL: SELECT * FROM `cms_auth_rule` WHERE `id` = 26 LIMIT 1   [ RunTime:0.0005s ]
SQL: SELECT * FROM `cms_auth_rule` WHERE `id` = 26 LIMIT 1   [ RunTime:0.0002s ]

[ 2016-03-05T09:35:12+08:00 ] ::1 /thinkmn/Admin/Index/getSonMenu.html
INFO: [ app_init ] --START--
INFO: Run Behavior\BuildLiteBehavior [ RunTime:0.000014s ]
INFO: [ app_init ] --END-- [ RunTime:0.012813s ]
INFO: [ app_begin ] --START--
INFO: Run Behavior\ReadHtmlCacheBehavior [ RunTime:0.000501s ]
INFO: [ app_begin ] --END-- [ RunTime:0.000551s ]
SQL: SHOW COLUMNS FROM `cms_member` [ RunTime:0.0042s ]
SQL: SHOW COLUMNS FROM `cms_auth_group_access` [ RunTime:0.0031s ]
SQL: SELECT `uid`,`group_id`,`title`,`rules` FROM cms_auth_group_access a INNER JOIN cms_auth_group g on a.group_id=g.id  WHERE ( a.uid='1' and g.status='1' )  [ RunTime:0.0002s ]
SQL: SELECT `uid`,`username`,`nickname`,`sex`,`birthday`,`email`,`qq`,`mobile`,`score`,`gold`,`status`,`face`,`user_type`,`reg_ip`,`reg_time`,`last_login_ip`,`last_login_time` FROM `cms_member` WHERE `uid` = 1 LIMIT 1   [ RunTime:0.0002s ]
SQL: SHOW COLUMNS FROM `cms_auth_rule` [ RunTime:0.0038s ]
SQL: SELECT *,title as text FROM `cms_auth_rule` WHERE `pid` = 34 ORDER BY sort asc  [ RunTime:0.0005s ]
SQL: SELECT * FROM `cms_auth_rule` WHERE `id` = 34 LIMIT 1   [ RunTime:0.0003s ]
SQL: SELECT * FROM `cms_auth_rule` WHERE `id` = 34 LIMIT 1   [ RunTime:0.0001s ]
SQL: SELECT * FROM `cms_auth_rule` WHERE `id` = 34 LIMIT 1   [ RunTime:0.0001s ]

[ 2016-03-05T09:35:15+08:00 ] ::1 /thinkmn/Admin/Menu/Manage.html?_=1457141703481
INFO: [ app_init ] --START--
INFO: Run Behavior\BuildLiteBehavior [ RunTime:0.000012s ]
INFO: [ app_init ] --END-- [ RunTime:0.000383s ]
INFO: [ app_begin ] --START--
INFO: Run Behavior\ReadHtmlCacheBehavior [ RunTime:0.000458s ]
INFO: [ app_begin ] --END-- [ RunTime:0.000509s ]
ERR: Êó†Ê≥ïÂä†ËΩΩÊéßÂà∂Âô®:Menu

